[    3000ms] Error: Minified React error #418; visit https://react.dev/errors/418?args[]=HTML&args[]= for the full message or use the non-minified dev environment for full errors and additional helpful warnings.
    at rD (https://dashboard-staging.causeflow.ai/_next/static/chunks/87c73c54-eaa29acd3116ecee.js:1:35444)
    at oq (https://dashboard-staging.causeflow.ai/_next/static/chunks/87c73c54-eaa29acd3116ecee.js:1:84948)
    at ik (https://dashboard-staging.causeflow.ai/_next/static/chunks/87c73c54-eaa29acd3116ecee.js:1:115064)
    at https://dashboard-staging.causeflow.ai/_next/static/chunks/87c73c54-eaa29acd3116ecee.js:1:111112
    at iu (https://dashboard-staging.causeflow.ai/_next/static/chunks/87c73c54-eaa29acd3116ecee.js:1:111213)
    at iX (https://dashboard-staging.causeflow.ai/_next/static/chunks/87c73c54-eaa29acd3116ecee.js:1:133316)
    at MessagePort.x (https://dashboard-staging.causeflow.ai/_next/static/chunks/9738-d9407e52e71a3aa4.js:5:16961)
[    3398ms] [WARNING] Clerk: Clerk has been loaded with development keys. Development instances have strict usage limits and should not be used when deploying your application to production. Learn more: https://clerk.com/docs/deployments/overview @ https://dashboard-staging.causeflow.ai/_next/static/chunks/9738-d9407e52e71a3aa4.js:8
[    4414ms] [WARNING] Clerk: Structural CSS detected that may break on updates.

Found:
  - CSS "html.dark .cl-badge"
  - CSS "html.dark .cl-menuItem:hover"
  - CSS "html.dark .cl-navbarButton:hover"
  - CSS "html.dark .cl-navbarButton[data-active="true"]"
  - CSS "html.dark .cl-organizationSwitcherPopoverActionButton:hover"
  (+86 more)

These selectors depend on the internal DOM structure of Clerk's components, which may change when Clerk deploys component updates.
To prevent breaking changes, install @clerk/ui and pass it to ClerkProvider:

  import { ui } from '@clerk/ui'
  <ClerkProvider ui={ui}>

Learn more: https://clerk.com/docs/reference/components/versioning
(code=structural_css_pin_clerk_ui) @ https://dashboard-staging.causeflow.ai/_next/static/chunks/9738-d9407e52e71a3aa4.js:8
