[    6380ms] [WARNING] Clerk: Clerk has been loaded with development keys. Development instances have strict usage limits and should not be used when deploying your application to production. Learn more: https://clerk.com/docs/deployments/overview @ https://dashboard-staging.causeflow.ai/_next/static/chunks/9738-59f96cad786afcec.js:8
[    6963ms] [WARNING] Clerk: Structural CSS detected that may break on updates.

Found:
  - CSS "html.dark .cl-badge"
  - CSS "html.dark .cl-menuItem:hover"
  - CSS "html.dark .cl-navbarButton:hover"
  - CSS "html.dark .cl-navbarButton[data-active="true"]"
  - CSS "html.dark .cl-organizationSwitcherPopoverActionButton:hover"
  (+86 more)

These selectors depend on the internal DOM structure of Clerk's components, which may change when Clerk deploys component updates.
To prevent breaking changes, install @clerk/ui and pass it to ClerkProvider:

  import { ui } from '@clerk/ui'
  <ClerkProvider ui={ui}>

Learn more: https://clerk.com/docs/reference/components/versioning
(code=structural_css_pin_clerk_ui) @ https://dashboard-staging.causeflow.ai/_next/static/chunks/9738-59f96cad786afcec.js:8
[    7400ms] [VERBOSE] [DOM] Input elements should have autocomplete attributes (suggested: "current-password"): (More info: https://goo.gl/9p2vKq) %o @ https://dashboard-staging.causeflow.ai/auth/sign-in?redirect_url=https%3A%2F%2Fdashboard-staging.causeflow.ai%2Fdashboard%2Fintegrations:0
[  166799ms] [WARNING] Clerk: "useOrganizationList" requires an active user session. Ensure a user is signed in before executing useOrganizationList. @ https://dashboard-staging.causeflow.ai/_next/static/chunks/9738-59f96cad786afcec.js:8
[  167382ms] [WARNING] Clerk: "OrganizationSwitcher" requires an active user session. Ensure a user is signed in before executing OrganizationSwitcher. @ https://dashboard-staging.causeflow.ai/_next/static/chunks/9738-59f96cad786afcec.js:8
[  167984ms] [ERROR] Failed to load resource: the server responded with a status of 429 () @ https://dashboard-staging.causeflow.ai/dashboard/integrations?_rsc=mmnw7:0
[  167991ms] [ERROR] Failed to load resource: the server responded with a status of 429 () @ https://dashboard-staging.causeflow.ai/dashboard?_rsc=mmnw7:0
[  167997ms] [ERROR] Failed to load resource: the server responded with a status of 429 () @ https://dashboard-staging.causeflow.ai/dashboard/incidents?_rsc=mmnw7:0
[  171796ms] [ERROR] Failed to load resource: the server responded with a status of 500 () @ https://dashboard-staging.causeflow.ai/api/integrations/sentry:0
[  479304ms] [ERROR] Failed to load resource: the server responded with a status of 500 () @ https://dashboard-staging.causeflow.ai/api/integrations/sentry:0
