⠋ preparing local preview...
[2K[1A[2K[G⠙ preparing local preview...
[2K[1A[2K[G⠹ preparing local preview...
[2K[1A[2K[G⠸ preparing local preview...
[2K[1A[2K[G✓ preview ready

  local   → http://localhost:5174
  network → http://192.168.15.14:5174

press ctrl+c to exit the preview

[2K[1A[2K[1A[2K[1A[2K[1A[2K[1A[2K[1A[2K[1A[2K[G
✓ preview ready

  local   → http://localhost:5174
  network → http://192.168.15.14:5174

press ctrl+c to exit the preview

[2K[1A[2K[1A[2K[1A[2K[1A[2K[1A[2K[1A[2K[1A[2K[G✓ preview ready

  local   → http://localhost:5174
  network → http://192.168.15.14:5174

press ctrl+c to exit the preview

± changes
added logs/wi-ac-013-result.txt
[2K[1A[2K[1A[2K[1A[2K[1A[2K[1A[2K[1A[2K[1A[2K[1A[2K[1A[2K[G✓ preview ready

  local   → http://localhost:5174
  network → http://192.168.15.14:5174

press ctrl+c to exit the preview

± changes
added logs/wi-ac-013-result.txt
edited logs/wi-ac-013-result.txt
[2K[1A[2K[1A[2K[1A[2K[1A[2K[1A[2K[1A[2K[1A[2K[1A[2K[1A[2K[1A[2K[G✓ preview ready

  local   → http://localhost:5174
  network → http://192.168.15.14:5174

press ctrl+c to exit the preview

± changes
added logs/wi-ac-013-result.txt
edited logs/wi-ac-013-result.txt
edited logs/wi-ac-013-result.txt
